<?xml version="1.0" encoding="UTF-8"?>
<!-- Generated by org.testng.reporters.JUnitXMLReporter -->
<testsuite ignored="2" hostname="LAPTOP-21TTL97P" failures="0" tests="4" name="Test" time="0.042" errors="0" timestamp="15 Apr 2023 06:50:58 GMT">
  <testcase classname="testcases.CarLoanTest" name="test3" time="0.003"/>
  <testcase classname="testcases.HomeLoanTest" name="test1" time="0.001"/>
  <testcase classname="testcases.HomeLoanTest" name="test2" time="0.001"/>
  <testcase classname="testcases.CreditCardTest" name="test4" time="0.002"/>
  <testcase classname="testcases.BaseClass" name="@BeforeTest method3" time="0.0">
    <ignored/>
  </testcase> <!-- @BeforeTest method3 -->
  <testcase classname="testcases.BaseClass" name="@AfterTest method4" time="0.0">
    <ignored/>
  </testcase> <!-- @AfterTest method4 -->
</testsuite> <!-- Test -->
