<?xml version="1.0" encoding="UTF-8"?>
<testng-results ignored="5" total="8" passed="3" failed="0" skipped="0">
  <reporter-output>
  </reporter-output>
  <suite started-at="2023-04-16T04:53:27Z" name="Regression" finished-at="2023-04-16T04:53:27Z" duration-ms="27">
    <groups>
    </groups>
    <test started-at="2023-04-16T04:53:27Z" name="Test" finished-at="2023-04-16T04:53:27Z" duration-ms="27">
      <class name="testcases.CarLoanTest">
        <test-method signature="test3()[pri:0, instance:testcases.CarLoanTest@41294f8]" started-at="2023-04-16T04:53:27Z" name="test3" finished-at="2023-04-16T04:53:27Z" duration-ms="0" status="PASS">
          <reporter-output>
          </reporter-output>
        </test-method> <!-- test3 -->
        <test-method is-config="true" signature="method2()[pri:0, instance:testcases.CarLoanTest@41294f8]" started-at="2023-04-16T04:53:27Z" name="method2" finished-at="2023-04-16T04:53:27Z" duration-ms="0" status="PASS">
          <reporter-output>
          </reporter-output>
        </test-method> <!-- method2 -->
        <test-method is-config="true" signature="method1()[pri:0, instance:testcases.CarLoanTest@41294f8]" started-at="2023-04-16T04:53:27Z" name="method1" finished-at="2023-04-16T04:53:27Z" duration-ms="0" status="PASS">
          <reporter-output>
          </reporter-output>
        </test-method> <!-- method1 -->
      </class> <!-- testcases.CarLoanTest -->
      <class name="testcases.CreditCardTest">
        <test-method signature="test4()[pri:0, instance:testcases.CreditCardTest@225129c]" started-at="2023-04-16T04:53:27Z" name="test4" finished-at="2023-04-16T04:53:27Z" duration-ms="0" status="PASS">
          <reporter-output>
          </reporter-output>
        </test-method> <!-- test4 -->
        <test-method is-config="true" signature="method2()[pri:0, instance:testcases.CreditCardTest@225129c]" started-at="2023-04-16T04:53:27Z" name="method2" finished-at="2023-04-16T04:53:27Z" duration-ms="0" status="PASS">
          <reporter-output>
          </reporter-output>
        </test-method> <!-- method2 -->
        <test-method is-config="true" signature="method1()[pri:0, instance:testcases.CreditCardTest@225129c]" started-at="2023-04-16T04:53:27Z" name="method1" finished-at="2023-04-16T04:53:27Z" duration-ms="0" status="PASS">
          <reporter-output>
          </reporter-output>
        </test-method> <!-- method1 -->
      </class> <!-- testcases.CreditCardTest -->
      <class name="testcases.HomeLoanTest">
        <test-method is-config="true" signature="method3()[pri:0, instance:testcases.HomeLoanTest@4196c360]" started-at="2023-04-16T04:53:27Z" name="method3" finished-at="2023-04-16T04:53:27Z" duration-ms="11" status="PASS">
          <reporter-output>
          </reporter-output>
        </test-method> <!-- method3 -->
        <test-method signature="test2()[pri:0, instance:testcases.HomeLoanTest@4196c360]" started-at="2023-04-16T04:53:27Z" name="test2" finished-at="2023-04-16T04:53:27Z" duration-ms="0" status="PASS">
          <reporter-output>
          </reporter-output>
        </test-method> <!-- test2 -->
        <test-method is-config="true" signature="method1()[pri:0, instance:testcases.HomeLoanTest@4196c360]" started-at="2023-04-16T04:53:27Z" name="method1" finished-at="2023-04-16T04:53:27Z" duration-ms="0" status="PASS">
          <reporter-output>
          </reporter-output>
        </test-method> <!-- method1 -->
        <test-method is-config="true" signature="method2()[pri:0, instance:testcases.HomeLoanTest@4196c360]" started-at="2023-04-16T04:53:27Z" name="method2" finished-at="2023-04-16T04:53:27Z" duration-ms="1" status="PASS">
          <reporter-output>
          </reporter-output>
        </test-method> <!-- method2 -->
        <test-method is-config="true" signature="method4()[pri:0, instance:testcases.HomeLoanTest@4196c360]" started-at="2023-04-16T04:53:27Z" name="method4" finished-at="2023-04-16T04:53:27Z" duration-ms="0" status="PASS">
          <reporter-output>
          </reporter-output>
        </test-method> <!-- method4 -->
      </class> <!-- testcases.HomeLoanTest -->
    </test> <!-- Test -->
  </suite> <!-- Regression -->
</testng-results>
